17:03:48,049 INFO  [org.jboss.modules] JBoss Modules version 1.1.1.GA
17:03:48,789 INFO  [org.jboss.msc] JBoss MSC version 1.0.2.GA
17:03:48,914 INFO  [org.jboss.as] JBAS015899: JBoss AS 7.1.1.Final "Brontes" starting
17:03:48,917 DEBUG [org.jboss.as.config] Configured system properties:
	[Standalone] = 
	awt.toolkit = sun.awt.X11.XToolkit
	file.encoding = UTF-8
	file.encoding.pkg = sun.io
	file.separator = /
	java.awt.graphicsenv = sun.awt.X11GraphicsEnvironment
	java.awt.headless = true
	java.awt.printerjob = sun.print.PSPrinterJob
	java.class.path = /data/jboss-as-7.1.1.Final/jboss-modules.jar
	java.class.version = 51.0
	java.endorsed.dirs = /usr/lib/jvm/java-1.7.0-openjdk-1.7.0.45.x86_64/jre/lib/endorsed
	java.ext.dirs = /usr/lib/jvm/java-1.7.0-openjdk-1.7.0.45.x86_64/jre/lib/ext:/usr/java/packages/lib/ext
	java.home = /usr/lib/jvm/java-1.7.0-openjdk-1.7.0.45.x86_64/jre
	java.io.tmpdir = /tmp
	java.library.path = /usr/java/packages/lib/amd64:/usr/lib64:/lib64:/lib:/usr/lib
	java.net.preferIPv4Stack = true
	java.runtime.name = OpenJDK Runtime Environment
	java.runtime.version = 1.7.0_45-mockbuild_2013_10_22_03_37-b00
	java.specification.name = Java Platform API Specification
	java.specification.vendor = Oracle Corporation
	java.specification.version = 1.7
	java.util.logging.manager = org.jboss.logmanager.LogManager
	java.vendor = Oracle Corporation
	java.vendor.url = http://java.oracle.com/
	java.vendor.url.bug = http://bugreport.sun.com/bugreport/
	java.version = 1.7.0_45
	java.vm.info = mixed mode
	java.vm.name = OpenJDK 64-Bit Server VM
	java.vm.specification.name = Java Virtual Machine Specification
	java.vm.specification.vendor = Oracle Corporation
	java.vm.specification.version = 1.7
	java.vm.vendor = Oracle Corporation
	java.vm.version = 24.45-b08
	javax.management.builder.initial = org.jboss.as.jmx.PluggableMBeanServerBuilder
	javax.xml.datatype.DatatypeFactory = __redirected.__DatatypeFactory
	javax.xml.parsers.DocumentBuilderFactory = __redirected.__DocumentBuilderFactory
	javax.xml.parsers.SAXParserFactory = __redirected.__SAXParserFactory
	javax.xml.stream.XMLEventFactory = __redirected.__XMLEventFactory
	javax.xml.stream.XMLInputFactory = __redirected.__XMLInputFactory
	javax.xml.stream.XMLOutputFactory = __redirected.__XMLOutputFactory
	javax.xml.transform.TransformerFactory = __redirected.__TransformerFactory
	javax.xml.validation.SchemaFactory:http://www.w3.org/2001/XMLSchema = __redirected.__SchemaFactory
	javax.xml.xpath.XPathFactory:http://java.sun.com/jaxp/xpath/dom = __redirected.__XPathFactory
	jboss.home.dir = /data/jboss-as-7.1.1.Final
	jboss.host.name = ncs-t-app-2
	jboss.modules.dir = /data/jboss-as-7.1.1.Final/modules
	jboss.modules.system.pkgs = org.jboss.byteman
	jboss.node.name = ncs-t-app-2
	jboss.qualified.host.name = ncs-t-app-2
	jboss.server.base.dir = /data/jboss-as-7.1.1.Final/standalone
	jboss.server.config.dir = /data/jboss-as-7.1.1.Final/standalone/configuration
	jboss.server.data.dir = /data/jboss-as-7.1.1.Final/standalone/data
	jboss.server.default.config = standalone.xml
	jboss.server.deploy.dir = /data/jboss-as-7.1.1.Final/standalone/data/content
	jboss.server.log.dir = /data/jboss-as-7.1.1.Final/standalone/log
	jboss.server.name = ncs-t-app-2
	jboss.server.temp.dir = /data/jboss-as-7.1.1.Final/standalone/tmp
	line.separator = 

	logging.configuration = file:/data/jboss-as-7.1.1.Final/standalone/configuration/logging.properties
	module.path = /data/jboss-as-7.1.1.Final/modules
	org.jboss.boot.log.file = /data/jboss-as-7.1.1.Final/standalone/log/boot.log
	org.jboss.resolver.warning = true
	org.xml.sax.driver = __redirected.__XMLReaderFactory
	os.arch = amd64
	os.name = Linux
	os.version = 2.6.32-431.el6.x86_64
	path.separator = :
	sun.arch.data.model = 64
	sun.boot.class.path = /usr/lib/jvm/java-1.7.0-openjdk-1.7.0.45.x86_64/jre/lib/resources.jar:/usr/lib/jvm/java-1.7.0-openjdk-1.7.0.45.x86_64/jre/lib/rt.jar:/usr/lib/jvm/java-1.7.0-openjdk-1.7.0.45.x86_64/jre/lib/sunrsasign.jar:/usr/lib/jvm/java-1.7.0-openjdk-1.7.0.45.x86_64/jre/lib/jsse.jar:/usr/lib/jvm/java-1.7.0-openjdk-1.7.0.45.x86_64/jre/lib/jce.jar:/usr/lib/jvm/java-1.7.0-openjdk-1.7.0.45.x86_64/jre/lib/charsets.jar:/usr/lib/jvm/java-1.7.0-openjdk-1.7.0.45.x86_64/jre/lib/netx.jar:/usr/lib/jvm/java-1.7.0-openjdk-1.7.0.45.x86_64/jre/lib/plugin.jar:/usr/lib/jvm/java-1.7.0-openjdk-1.7.0.45.x86_64/jre/lib/rhino.jar:/usr/lib/jvm/java-1.7.0-openjdk-1.7.0.45.x86_64/jre/lib/jfr.jar:/usr/lib/jvm/java-1.7.0-openjdk-1.7.0.45.x86_64/jre/classes
	sun.boot.library.path = /usr/lib/jvm/java-1.7.0-openjdk-1.7.0.45.x86_64/jre/lib/amd64
	sun.cpu.endian = little
	sun.cpu.isalist = 
	sun.io.unicode.encoding = UnicodeLittle
	sun.java.command = /data/jboss-as-7.1.1.Final/jboss-modules.jar -mp /data/jboss-as-7.1.1.Final/modules -jaxpmodule javax.xml.jaxp-provider org.jboss.as.standalone -Djboss.home.dir=/data/jboss-as-7.1.1.Final
	sun.java.launcher = SUN_STANDARD
	sun.jnu.encoding = UTF-8
	sun.management.compiler = HotSpot 64-Bit Tiered Compilers
	sun.os.patch.level = unknown
	sun.rmi.dgc.client.gcInterval = 3600000
	sun.rmi.dgc.server.gcInterval = 3600000
	user.country = US
	user.dir = /data/jboss-as-7.1.1.Final/bin
	user.home = /home/appadm
	user.language = en
	user.name = appadm
	user.timezone = Asia/Shanghai
17:03:48,935 DEBUG [org.jboss.as.config] VM Arguments: -D[Standalone] -XX:+UseCompressedOops -XX:+TieredCompilation -Xms64m -Xmx512m -XX:MaxPermSize=256m -Djava.net.preferIPv4Stack=true -Dorg.jboss.resolver.warning=true -Dsun.rmi.dgc.client.gcInterval=3600000 -Dsun.rmi.dgc.server.gcInterval=3600000 -Djboss.modules.system.pkgs=org.jboss.byteman -Djava.awt.headless=true -Djboss.server.default.config=standalone.xml -Dorg.jboss.boot.log.file=/data/jboss-as-7.1.1.Final/standalone/log/boot.log -Dlogging.configuration=file:/data/jboss-as-7.1.1.Final/standalone/configuration/logging.properties 
17:03:50,707 INFO  [org.xnio] XNIO Version 3.0.3.GA
17:03:50,714 INFO  [org.jboss.as.server] JBAS015888: Creating http management service using socket-binding (management-http)
17:03:50,726 INFO  [org.xnio.nio] XNIO NIO Implementation Version 3.0.3.GA
17:03:50,736 INFO  [org.jboss.remoting] JBoss Remoting version 3.2.3.GA
17:03:50,826 INFO  [org.jboss.as.logging] JBAS011502: Removing bootstrap log handlers
